Arguments: 
  /usr/local/Cellar/node/10.4.0/bin/node /usr/local/Cellar/yarn/1.5.1_1/libexec/bin/yarn.js install

PATH: 
  /Users/luisthomas/.sdkman/candidates/gradle/current/bin:/Users/luisthomas/Downloads/Desktop/google-cloud-sdk/bin:/Users/luisthomas/.rvm/gems/ruby-2.4.1/bin:/Users/luisthomas/.rvm/gems/ruby-2.4.1@global/bin:/Users/luisthomas/.rvm/rubies/ruby-2.4.1/bin:/usr/local/bin:/usr/bin:/bin:/usr/sbin:/sbin:/usr/local/MacGPG2/bin:/Library/Frameworks/Mono.framework/Versions/Current/Commands:/Applications/Wireshark.app/Contents/MacOS:/Users/luisthomas/.rvm/bin:/usr/local/bin/adb:/Users/luisthomas/Desktop/platform-tools/adb:/usr/local/Cellar/mongodb/bin:/Users/luisthomas/Library/Android/sdk/platform-tools:/Users/luisthomas/Library/Android/sdk/tools:/Users/luisthomas/Library/Android/sdk/platform-tools/adb

Yarn version: 
  1.5.1

Node version: 
  10.4.0

Platform: 
  darwin x64

npm manifest: 
  {
    "name": "bitcore-lib-anon",
    "version": "0.13.19-anon",
    "description": "A pure and powerful JavaScript btcp bitcore library.",
    "author": "BitPay <dev@bitpay.com>",
    "main": "index.js",
    "scripts": {
      "lint": "jshint . || true",
      "test": "npm run build && npm run test:node && npm run test:browser && npm run lint",
      "test:node": "mocha --no-timeouts --recursive",
      "test:browser": "karma start ./karma.conf.js --single-run",
      "coverage": "nyc mocha --recursive",
      "build": "webpack --display-error-details"
    },
    "contributors": [
      {
        "name": "Daniel Cousens",
        "email": "bitcoin@dcousens.com"
      },
      {
        "name": "Esteban Ordano",
        "email": "eordano@gmail.com"
      },
      {
        "name": "Gordon Hall",
        "email": "gordon@bitpay.com"
      },
      {
        "name": "Jeff Garzik",
        "email": "jgarzik@bitpay.com"
      },
      {
        "name": "Kyle Drake",
        "email": "kyle@kyledrake.net"
      },
      {
        "name": "Manuel Araoz",
        "email": "manuelaraoz@gmail.com"
      },
      {
        "name": "Matias Alejo Garcia",
        "email": "ematiu@gmail.com"
      },
      {
        "name": "Ryan X. Charles",
        "email": "ryanxcharles@gmail.com"
      },
      {
        "name": "Stefan Thomas",
        "email": "moon@justmoon.net"
      },
      {
        "name": "Stephen Pair",
        "email": "stephen@bitpay.com"
      },
      {
        "name": "Wei Lu",
        "email": "luwei.here@gmail.com"
      },
      {
        "name": "Jack Grigg",
        "email": "jack@z.cash",
      },
      {
        "name": "UdjinM6",
        "email": "UdjinM6@gmail.com"
      },
      {
        "name": "Jon Kindel",
        "email": "jon@dash.org"
      },
      {
        "name": "Alex Werner",
        "email": "alex@werner.fr"
      },
      {
        "name": "Luis Thomas",
        "email": "luis@bushidolab.com"
      },
      {
        "name": "Jack Grigg",
        "email": "jack@z.cash"
      }
    ],
    "keywords": [
      "anon",
      "zcl",
      "zcash",
      "dash",
      "transaction",
      "address",
      "p2p",
      "cryptocurrencies",
      "cryptocurrency",
      "blockchain",
      "payment",
      "bip21",
      "bip32",
      "bip37",
      "bip69",
      "bip70",
      "multisig",
      "anoncore"
    ],
    "repository": {
      "type": "git",
      "url": "https://github.com/anonymousbitcoin/bitcore-lib-anon"
    },
    "bugs": {
      "url": "https://github.com/anonymousbitcoin/bitcore-lib-anon"
    },
    "homepage": "https://github.com/anonymousbitcoin/dashcore-lib",
    "browser": {
      "request": "browser-request"
    },
    "dependencies": {
      "@dashevo/x11-hash-js": "^1.0.2",
      "bn.js": "=2.0.4",
      "bs58": "=2.0.0",
      "buffer-compare": "=1.0.0",
      "elliptic": "=3.0.3",
      "inherits": "=2.0.1",
      "lodash": "^4.17.10",
      "sha512": "=0.0.1"
    },
    "devDependencies": {
      "bitcore-build-anon": "git://github.com/anonymousbitcoin/bitcore-build-anon.git",
      "brfs": "^1.2.0",
      "chai": "^1.10.0",
      "gulp": "^3.8.10",
      "jshint": "^2.9.6",
      "karma": "^2.0.0",
      "karma-chai": "^0.1.0",
      "karma-chrome-launcher": "^2.2.0",
      "karma-detect-browsers": "^2.2.6",
      "karma-firefox-launcher": "^1.1.0",
      "karma-mocha": "^1.3.0",
      "karma-mocha-reporter": "^2.2.5",
      "karma-webpack": "^3.0.0",
      "mocha": "^5.0.4",
      "nyc": "^11.6.0",
      "raw-loader": "^0.5.1",
      "sinon": "^4.2.2",
      "transform-loader": "^0.2.4",
      "uglifyjs-webpack-plugin": "^1.2.4",
      "webpack": "^3.10.0"
    },
    "license": "MIT"
  }

yarn manifest: 
  No manifest

Lockfile: 
  No lockfile

Trace: 
  SyntaxError: /Users/luisthomas/bitcore-lib-anon/package.json: Unexpected token } in JSON at position 1509
      at JSON.parse (<anonymous>)
      at /usr/local/Cellar/yarn/1.5.1_1/libexec/lib/cli.js:1036:59
      at Generator.next (<anonymous>)
      at step (/usr/local/Cellar/yarn/1.5.1_1/libexec/lib/cli.js:98:30)
      at /usr/local/Cellar/yarn/1.5.1_1/libexec/lib/cli.js:109:13
